# JRE version: Java(TM) SE Runtime Environment (25.0.1+8) (build 25.0.1+8-LTS-27)
# Java VM: Java HotSpot(TM) 64-Bit Server VM (25.0.1+8-LTS-27, mixed mode, sharing, tiered, compressed oops, compressed class ptrs, parallel gc, windows-amd64)
GC Precious Log:
 CardTable entry size: 512
 CPUs: 16 total, 16 available
 Memory: 15773M
 Large Page Support: Disabled
 NUMA Support: Disabled
 Compressed Oops: Enabled (32-bit)
 Alignments: Space 512K, Generation 512K, Heap 2M
 Heap Min Capacity: 100M
 Heap Initial Capacity: 100M
 Heap Max Capacity: 2G
 Pre-touch: Disabled
 Parallel Workers: 13
Heap:
 PSYoungGen      total 28160K, used 5936K [0x00000000d5580000, 0x00000000d7800000, 0x0000000100000000)
  eden space 27136K, 18% used [0x00000000d5580000,0x00000000d5a69868,0x00000000d7000000)
  from space 1024K, 88% used [0x00000000d7700000,0x00000000d77e2b40,0x00000000d7800000)
  to   space 4096K, 0% used [0x00000000d7000000,0x00000000d7000000,0x00000000d7400000)
 ParOldGen       total 1069568K, used 153807K [0x0000000080000000, 0x00000000c1480000, 0x00000000d5580000)
  object space 1069568K, 14% used [0x0000000080000000,0x0000000089633fd8,0x00000000c1480000)
GC Heap Usage History (20 events):
Event: 1902.919 {heap Before GC invocations=346 (full 4):
 PSYoungGen      total 36352K, used 36341K [0x00000000d5580000, 0x00000000d8e00000, 0x0000000100000000)
  eden space 34304K, 100% used [0x00000000d5580000,0x00000000d7700000,0x00000000d7700000)
  from space 2048K, 99% used [0x00000000d7780000,0x00000000d797d4a8,0x00000000d7980000)
  to   space 11776K, 0% used [0x00000000d8280000,0x00000000d8280000,0x00000000d8e00000)
 ParOldGen       total 1058304K, used 1058112K [0x0000000080000000, 0x00000000c0980000, 0x00000000dEvent: 1902.922 {heap After GC invocations=346 (full 4):
 PSYoungGen      total 37888K, used 3906K [0x00000000d5580000, 0x00000000d8680000, 0x0000000100000000)
  eden space 33792K, 0% used [0x00000000d5580000,0x00000000d5580000,0x00000000d7680000)
  from space 4096K, 95% used [0x00000000d8280000,0x00000000d86509c8,0x00000000d8680000)
  to   space 6144K, 0% used [0x00000000d7a80000,0x00000000d7a80000,0x00000000d8080000)
 ParOldGen       total 1058816K, used 1058336K [0x0000000080000000, 0x00000000c0a00000, 0x00000000d55800Event: 1904.393 {heap Before GC invocations=347 (full 4):
 PSYoungGen      total 37888K, used 37698K [0x00000000d5580000, 0x00000000d8680000, 0x0000000100000000)
  eden space 33792K, 100% used [0x00000000d5580000,0x00000000d7680000,0x00000000d7680000)
  from space 4096K, 95% used [0x00000000d8280000,0x00000000d86509c8,0x00000000d8680000)
  to   space 6144K, 0% used [0x00000000d7a80000,0x00000000d7a80000,0x00000000d8080000)
 ParOldGen       total 1058816K, used 1058336K [0x0000000080000000, 0x00000000c0a00000, 0x00000000d5Event: 1904.396 {heap After GC invocations=347 (full 4):
 PSYoungGen      total 39424K, used 384K [0x00000000d5580000, 0x00000000d8300000, 0x0000000100000000)
  eden space 33280K, 0% used [0x00000000d5580000,0x00000000d5580000,0x00000000d7600000)
  from space 6144K, 6% used [0x00000000d7a80000,0x00000000d7ae0000,0x00000000d8080000)
  to   space 2560K, 0% used [0x00000000d8080000,0x00000000d8080000,0x00000000d8300000)
 ParOldGen       total 1061376K, used 1060937K [0x0000000080000000, 0x00000000c0c80000, 0x00000000d5580000Event: 1905.308 {heap Before GC invocations=348 (full 4):
 PSYoungGen      total 39424K, used 33663K [0x00000000d5580000, 0x00000000d8300000, 0x0000000100000000)
  eden space 33280K, 99% used [0x00000000d5580000,0x00000000d75ffcb0,0x00000000d7600000)
  from space 6144K, 6% used [0x00000000d7a80000,0x00000000d7ae0000,0x00000000d8080000)
  to   space 2560K, 0% used [0x00000000d8080000,0x00000000d8080000,0x00000000d8300000)
 ParOldGen       total 1061376K, used 1060937K [0x0000000080000000, 0x00000000c0c80000, 0x00000000d558Event: 1905.314 {heap After GC invocations=348 (full 4):
 PSYoungGen      total 34304K, used 2540K [0x00000000d5580000, 0x00000000d8d80000, 0x0000000100000000)
  eden space 31744K, 0% used [0x00000000d5580000,0x00000000d5580000,0x00000000d7480000)
  from space 2560K, 99% used [0x00000000d8080000,0x00000000d82fb1b0,0x00000000d8300000)
  to   space 12288K, 0% used [0x00000000d7480000,0x00000000d7480000,0x00000000d8080000)
 ParOldGen       total 1068544K, used 1068534K [0x0000000080000000, 0x00000000c1380000, 0x00000000d5580Event: 1905.860 {heap Before GC invocations=349 (full 4):
 PSYoungGen      total 34304K, used 34284K [0x00000000d5580000, 0x00000000d8d80000, 0x0000000100000000)
  eden space 31744K, 100% used [0x00000000d5580000,0x00000000d7480000,0x00000000d7480000)
  from space 2560K, 99% used [0x00000000d8080000,0x00000000d82fb1b0,0x00000000d8300000)
  to   space 12288K, 0% used [0x00000000d7480000,0x00000000d7480000,0x00000000d8080000)
 ParOldGen       total 1068544K, used 1068534K [0x0000000080000000, 0x00000000c1380000, 0x00000000dEvent: 1905.865 {heap After GC invocations=349 (full 4):
 PSYoungGen      total 34304K, used 2980K [0x00000000d5580000, 0x00000000d8100000, 0x0000000100000000)
  eden space 31232K, 0% used [0x00000000d5580000,0x00000000d5580000,0x00000000d7400000)
  from space 3072K, 97% used [0x00000000d7480000,0x00000000d7769230,0x00000000d7780000)
  to   space 5632K, 0% used [0x00000000d7b80000,0x00000000d7b80000,0x00000000d8100000)
 ParOldGen       total 1069568K, used 1069486K [0x0000000080000000, 0x00000000c1480000, 0x00000000d55800Event: 1905.983 {heap Before GC invocations=350 (full 5):
 PSYoungGen      total 34304K, used 10606K [0x00000000d5580000, 0x00000000d8100000, 0x0000000100000000)
  eden space 31232K, 24% used [0x00000000d5580000,0x00000000d5cf28e0,0x00000000d7400000)
  from space 3072K, 97% used [0x00000000d7480000,0x00000000d7769230,0x00000000d7780000)
  to   space 5632K, 0% used [0x00000000d7b80000,0x00000000d7b80000,0x00000000d8100000)
 ParOldGen       total 1069568K, used 1069486K [0x0000000080000000, 0x00000000c1480000, 0x00000000d55Event: 1906.186 {heap After GC invocations=350 (full 5):
 PSYoungGen      total 34304K, used 0K [0x00000000d5580000, 0x00000000d8100000, 0x0000000100000000)
  eden space 31232K, 0% used [0x00000000d5580000,0x00000000d5580000,0x00000000d7400000)
  from space 3072K, 0% used [0x00000000d7480000,0x00000000d7480000,0x00000000d7780000)
  to   space 5632K, 0% used [0x00000000d7b80000,0x00000000d7b80000,0x00000000d8100000)
 ParOldGen       total 1069568K, used 135110K [0x0000000080000000, 0x00000000c1480000, 0x00000000d5580000)
 Event: 1906.748 {heap Before GC invocations=351 (full 5):
 PSYoungGen      total 34304K, used 31232K [0x00000000d5580000, 0x00000000d8100000, 0x0000000100000000)
  eden space 31232K, 100% used [0x00000000d5580000,0x00000000d7400000,0x00000000d7400000)
  from space 3072K, 0% used [0x00000000d7480000,0x00000000d7480000,0x00000000d7780000)
  to   space 5632K, 0% used [0x00000000d7b80000,0x00000000d7b80000,0x00000000d8100000)
 ParOldGen       total 1069568K, used 135110K [0x0000000080000000, 0x00000000c1480000, 0x00000000d558Event: 1906.751 {heap After GC invocations=351 (full 5):
 PSYoungGen      total 34304K, used 3242K [0x00000000d5580000, 0x00000000d7f00000, 0x0000000100000000)
  eden space 30720K, 0% used [0x00000000d5580000,0x00000000d5580000,0x00000000d7380000)
  from space 3584K, 90% used [0x00000000d7b80000,0x00000000d7eaaad0,0x00000000d7f00000)
  to   space 3584K, 0% used [0x00000000d7800000,0x00000000d7800000,0x00000000d7b80000)
 ParOldGen       total 1069568K, used 135110K [0x0000000080000000, 0x00000000c1480000, 0x00000000d558000Event: 1907.704 {heap Before GC invocations=352 (full 5):
 PSYoungGen      total 34304K, used 33962K [0x00000000d5580000, 0x00000000d7f00000, 0x0000000100000000)
  eden space 30720K, 100% used [0x00000000d5580000,0x00000000d7380000,0x00000000d7380000)
  from space 3584K, 90% used [0x00000000d7b80000,0x00000000d7eaaad0,0x00000000d7f00000)
  to   space 3584K, 0% used [0x00000000d7800000,0x00000000d7800000,0x00000000d7b80000)
 ParOldGen       total 1069568K, used 135110K [0x0000000080000000, 0x00000000c1480000, 0x00000000d55Event: 1907.707 {heap After GC invocations=352 (full 5):
 PSYoungGen      total 32256K, used 1910K [0x00000000d5580000, 0x00000000d7c00000, 0x0000000100000000)
  eden space 30208K, 0% used [0x00000000d5580000,0x00000000d5580000,0x00000000d7300000)
  from space 2048K, 93% used [0x00000000d7800000,0x00000000d79dd8c8,0x00000000d7a00000)
  to   space 2048K, 0% used [0x00000000d7a00000,0x00000000d7a00000,0x00000000d7c00000)
 ParOldGen       total 1069568K, used 137649K [0x0000000080000000, 0x00000000c1480000, 0x00000000d558000Event: 1923.600 {heap Before GC invocations=353 (full 5):
 PSYoungGen      total 32256K, used 32118K [0x00000000d5580000, 0x00000000d7c00000, 0x0000000100000000)
  eden space 30208K, 100% used [0x00000000d5580000,0x00000000d7300000,0x00000000d7300000)
  from space 2048K, 93% used [0x00000000d7800000,0x00000000d79dd8c8,0x00000000d7a00000)
  to   space 2048K, 0% used [0x00000000d7a00000,0x00000000d7a00000,0x00000000d7c00000)
 ParOldGen       total 1069568K, used 137649K [0x0000000080000000, 0x00000000c1480000, 0x00000000d55Event: 1923.610 {heap After GC invocations=353 (full 5):
 PSYoungGen      total 27648K, used 2019K [0x00000000d5580000, 0x00000000d8980000, 0x0000000100000000)
  eden space 25600K, 0% used [0x00000000d5580000,0x00000000d5580000,0x00000000d6e80000)
  from space 2048K, 98% used [0x00000000d7a00000,0x00000000d7bf8d70,0x00000000d7c00000)
  to   space 11776K, 0% used [0x00000000d6e80000,0x00000000d6e80000,0x00000000d7a00000)
 ParOldGen       total 1069568K, used 145606K [0x0000000080000000, 0x00000000c1480000, 0x00000000d55800Event: 1924.643 {heap Before GC invocations=354 (full 5):
 PSYoungGen      total 27648K, used 27611K [0x00000000d5580000, 0x00000000d8980000, 0x0000000100000000)
  eden space 25600K, 99% used [0x00000000d5580000,0x00000000d6e7e180,0x00000000d6e80000)
  from space 2048K, 98% used [0x00000000d7a00000,0x00000000d7bf8d70,0x00000000d7c00000)
  to   space 11776K, 0% used [0x00000000d6e80000,0x00000000d6e80000,0x00000000d7a00000)
 ParOldGen       total 1069568K, used 145606K [0x0000000080000000, 0x00000000c1480000, 0x00000000d55Event: 1924.646 {heap After GC invocations=354 (full 5):
 PSYoungGen      total 33792K, used 8217K [0x00000000d5580000, 0x00000000d8000000, 0x0000000100000000)
  eden space 25088K, 0% used [0x00000000d5580000,0x00000000d5580000,0x00000000d6e00000)
  from space 8704K, 94% used [0x00000000d6e80000,0x00000000d76867a0,0x00000000d7700000)
  to   space 9216K, 0% used [0x00000000d7700000,0x00000000d7700000,0x00000000d8000000)
 ParOldGen       total 1069568K, used 145750K [0x0000000080000000, 0x00000000c1480000, 0x00000000d558000Event: 1924.757 {heap Before GC invocations=355 (full 5):
 PSYoungGen      total 33792K, used 33305K [0x00000000d5580000, 0x00000000d8000000, 0x0000000100000000)
  eden space 25088K, 100% used [0x00000000d5580000,0x00000000d6e00000,0x00000000d6e00000)
  from space 8704K, 94% used [0x00000000d6e80000,0x00000000d76867a0,0x00000000d7700000)
  to   space 9216K, 0% used [0x00000000d7700000,0x00000000d7700000,0x00000000d8000000)
 ParOldGen       total 1069568K, used 145750K [0x0000000080000000, 0x00000000c1480000, 0x00000000d55Event: 1924.760 {heap After GC invocations=355 (full 5):
 PSYoungGen      total 28160K, used 906K [0x00000000d5580000, 0x00000000d7800000, 0x0000000100000000)
  eden space 27136K, 0% used [0x00000000d5580000,0x00000000d5580000,0x00000000d7000000)
  from space 1024K, 88% used [0x00000000d7700000,0x00000000d77e2b40,0x00000000d7800000)
  to   space 4096K, 0% used [0x00000000d7000000,0x00000000d7000000,0x00000000d7400000)
 ParOldGen       total 1069568K, used 153807K [0x0000000080000000, 0x00000000c1480000, 0x00000000d5580000
Metaspace Usage History (20 events):
Event: 1902.919 {metaspace Before GC invocations=346 (full 4):
 Metaspace       used 95260K, committed 96896K, reserved 1179648K
  class space    used 8499K, committed 9216K, reserved 1048576K
}
Event: 1902.922 {metaspace After GC invocations=346 (full 4):
 Metaspace       used 95260K, committed 96896K, reserved 1179648K
  class space    used 8499K, committed 9216K, reserved 1048576K
}
Event: 1904.393 {metaspace Before GC invocations=347 (full 4):
 Metaspace       used 95275K, committed 96960K, reserved 1179648K
  class space    used 8501K, committed 9280K, reserved 1048576K
}
Event: 1904.396 {metaspace After GC invocations=347 (full 4):
 Metaspace       used 95275K, committed 96960K, reserved 1179648K
  class space    used 8501K, committed 9280K, reserved 1048576K
}
Event: 1905.308 {metaspace Before GC invocations=348 (full 4):
 Metaspace       used 95276K, committed 96960K, reserved 1179648K
  class space    used 8501K, committed 9280K, reserved 1048576K
}
Event: 1905.314 {metaspace After GC invocations=348 (full 4):
 Metaspace       used 95276K, committed 96960K, reserved 1179648K
  class space    used 8501K, committed 9280K, reserved 1048576K
}
Event: 1905.860 {metaspace Before GC invocations=349 (full 4):
 Metaspace       used 95279K, committed 96960K, reserved 1179648K
  class space    used 8501K, committed 9280K, reserved 1048576K
}
Event: 1905.865 {metaspace After GC invocations=349 (full 4):
 Metaspace       used 95279K, committed 96960K, reserved 1179648K
  class space    used 8501K, committed 9280K, reserved 1048576K
}
Event: 1905.983 {metaspace Before GC invocations=350 (full 5):
 Metaspace       used 95418K, committed 97088K, reserved 1179648K
  class space    used 8501K, committed 9280K, reserved 1048576K
}
Event: 1906.186 {metaspace After GC invocations=350 (full 5):
 Metaspace       used 95418K, committed 97088K, reserved 1179648K
  class space    used 8501K, committed 9280K, reserved 1048576K
}
Event: 1906.748 {metaspace Before GC invocations=351 (full 5):
 Metaspace       used 95422K, committed 97088K, reserved 1179648K
  class space    used 8501K, committed 9280K, reserved 1048576K
}
Event: 1906.751 {metaspace After GC invocations=351 (full 5):
 Metaspace       used 95422K, committed 97088K, reserved 1179648K
  class space    used 8501K, committed 9280K, reserved 1048576K
}
Event: 1907.704 {metaspace Before GC invocations=352 (full 5):
 Metaspace       used 95423K, committed 97088K, reserved 1179648K
  class space    used 8501K, committed 9280K, reserved 1048576K
}
Event: 1907.707 {metaspace After GC invocations=352 (full 5):
 Metaspace       used 95423K, committed 97088K, reserved 1179648K
  class space    used 8501K, committed 9280K, reserved 1048576K
}
Event: 1923.600 {metaspace Before GC invocations=353 (full 5):
 Metaspace       used 95663K, committed 97280K, reserved 1179648K
  class space    used 8535K, committed 9280K, reserved 1048576K
}
Event: 1923.610 {metaspace After GC invocations=353 (full 5):
 Metaspace       used 95663K, committed 97280K, reserved 1179648K
  class space    used 8535K, committed 9280K, reserved 1048576K
}
Event: 1924.643 {metaspace Before GC invocations=354 (full 5):
 Metaspace       used 96128K, committed 97920K, reserved 1179648K
  class space    used 8606K, committed 9408K, reserved 1048576K
}
Event: 1924.646 {metaspace After GC invocations=354 (full 5):
 Metaspace       used 96128K, committed 97920K, reserved 1179648K
  class space    used 8606K, committed 9408K, reserved 1048576K
}
Event: 1924.757 {metaspace Before GC invocations=355 (full 5):
 Metaspace       used 96619K, committed 98624K, reserved 1179648K
  class space    used 8744K, committed 9664K, reserved 1048576K
}
Event: 1924.760 {metaspace After GC invocations=355 (full 5):
 Metaspace       used 96619K, committed 98624K, reserved 1179648K
  class space    used 8744K, committed 9664K, reserved 1048576K
}

