# JRE version: Java(TM) SE Runtime Environment (25.0.1+8) (build 25.0.1+8-LTS-27)
# Java VM: Java HotSpot(TM) 64-Bit Server VM (25.0.1+8-LTS-27, mixed mode, sharing, tiered, compressed oops, compressed class ptrs, parallel gc, windows-amd64)
GC Precious Log:
 CardTable entry size: 512
 CPUs: 16 total, 16 available
 Memory: 15773M
 Large Page Support: Disabled
 NUMA Support: Disabled
 Compressed Oops: Enabled (32-bit)
 Alignments: Space 512K, Generation 512K, Heap 2M
 Heap Min Capacity: 100M
 Heap Initial Capacity: 100M
 Heap Max Capacity: 2G
 Pre-touch: Disabled
 Parallel Workers: 13
Heap:
 PSYoungGen      total 34304K, used 31121K [0x00000000d5580000, 0x00000000d7f00000, 0x0000000100000000)
  eden space 33280K, 92% used [0x00000000d5580000,0x00000000d737c5e8,0x00000000d7600000)
  from space 1024K, 40% used [0x00000000d7d00000,0x00000000d7d68000,0x00000000d7e00000)
  to   space 512K, 0% used [0x00000000d7e80000,0x00000000d7e80000,0x00000000d7f00000)
 ParOldGen       total 627200K, used 444592K [0x0000000080000000, 0x00000000a6480000, 0x00000000d5580000)
  object space 627200K, 70% used [0x0000000080000000,0x000000009b22c1e8,0x00000000a6480000)
GC Heap Usage History (20 events):
Event: 1972.371 {heap Before GC invocations=264 (full 4):
 PSYoungGen      total 30208K, used 30112K [0x00000000d5580000, 0x00000000d8200000, 0x0000000100000000)
  eden space 22016K, 100% used [0x00000000d5580000,0x00000000d6b00000,0x00000000d6b00000)
  from space 8192K, 98% used [0x00000000d6b80000,0x00000000d7368000,0x00000000d7380000)
  to   space 11776K, 0% used [0x00000000d7680000,0x00000000d7680000,0x00000000d8200000)
 ParOldGen       total 627200K, used 429088K [0x0000000080000000, 0x00000000a6480000, 0x00000000d55Event: 1972.373 {heap After GC invocations=264 (full 4):
 PSYoungGen      total 27648K, used 1508K [0x00000000d5580000, 0x00000000d7800000, 0x0000000100000000)
  eden space 26112K, 0% used [0x00000000d5580000,0x00000000d5580000,0x00000000d6f00000)
  from space 1536K, 98% used [0x00000000d7680000,0x00000000d77f9230,0x00000000d7800000)
  to   space 4608K, 0% used [0x00000000d6f00000,0x00000000d6f00000,0x00000000d7380000)
 ParOldGen       total 627200K, used 429232K [0x0000000080000000, 0x00000000a6480000, 0x00000000d5580000Event: 1973.459 {heap Before GC invocations=265 (full 4):
 PSYoungGen      total 27648K, used 27620K [0x00000000d5580000, 0x00000000d7800000, 0x0000000100000000)
  eden space 26112K, 100% used [0x00000000d5580000,0x00000000d6f00000,0x00000000d6f00000)
  from space 1536K, 98% used [0x00000000d7680000,0x00000000d77f9230,0x00000000d7800000)
  to   space 4608K, 0% used [0x00000000d6f00000,0x00000000d6f00000,0x00000000d7380000)
 ParOldGen       total 627200K, used 429232K [0x0000000080000000, 0x00000000a6480000, 0x00000000d558Event: 1973.461 {heap After GC invocations=265 (full 4):
 PSYoungGen      total 30720K, used 628K [0x00000000d5580000, 0x00000000d7700000, 0x0000000100000000)
  eden space 26112K, 0% used [0x00000000d5580000,0x00000000d5580000,0x00000000d6f00000)
  from space 4608K, 13% used [0x00000000d6f00000,0x00000000d6f9d220,0x00000000d7380000)
  to   space 1536K, 0% used [0x00000000d7580000,0x00000000d7580000,0x00000000d7700000)
 ParOldGen       total 627200K, used 430538K [0x0000000080000000, 0x00000000a6480000, 0x00000000d5580000)Event: 1973.916 {heap Before GC invocations=266 (full 4):
 PSYoungGen      total 30720K, used 26740K [0x00000000d5580000, 0x00000000d7700000, 0x0000000100000000)
  eden space 26112K, 100% used [0x00000000d5580000,0x00000000d6f00000,0x00000000d6f00000)
  from space 4608K, 13% used [0x00000000d6f00000,0x00000000d6f9d220,0x00000000d7380000)
  to   space 1536K, 0% used [0x00000000d7580000,0x00000000d7580000,0x00000000d7700000)
 ParOldGen       total 627200K, used 430538K [0x0000000080000000, 0x00000000a6480000, 0x00000000d558Event: 1973.917 {heap After GC invocations=266 (full 4):
 PSYoungGen      total 30720K, used 1514K [0x00000000d5580000, 0x00000000d7700000, 0x0000000100000000)
  eden space 29184K, 0% used [0x00000000d5580000,0x00000000d5580000,0x00000000d7200000)
  from space 1536K, 98% used [0x00000000d7580000,0x00000000d76fa910,0x00000000d7700000)
  to   space 2560K, 0% used [0x00000000d7200000,0x00000000d7200000,0x00000000d7480000)
 ParOldGen       total 627200K, used 430958K [0x0000000080000000, 0x00000000a6480000, 0x00000000d5580000Event: 1974.468 {heap Before GC invocations=267 (full 4):
 PSYoungGen      total 30720K, used 30698K [0x00000000d5580000, 0x00000000d7700000, 0x0000000100000000)
  eden space 29184K, 100% used [0x00000000d5580000,0x00000000d7200000,0x00000000d7200000)
  from space 1536K, 98% used [0x00000000d7580000,0x00000000d76fa910,0x00000000d7700000)
  to   space 2560K, 0% used [0x00000000d7200000,0x00000000d7200000,0x00000000d7480000)
 ParOldGen       total 627200K, used 430958K [0x0000000080000000, 0x00000000a6480000, 0x00000000d558Event: 1974.470 {heap After GC invocations=267 (full 4):
 PSYoungGen      total 31744K, used 2281K [0x00000000d5580000, 0x00000000d7680000, 0x0000000100000000)
  eden space 29184K, 0% used [0x00000000d5580000,0x00000000d5580000,0x00000000d7200000)
  from space 2560K, 89% used [0x00000000d7200000,0x00000000d743a440,0x00000000d7480000)
  to   space 2048K, 0% used [0x00000000d7480000,0x00000000d7480000,0x00000000d7680000)
 ParOldGen       total 627200K, used 432447K [0x0000000080000000, 0x00000000a6480000, 0x00000000d5580000Event: 1975.986 {heap Before GC invocations=268 (full 4):
 PSYoungGen      total 31744K, used 31465K [0x00000000d5580000, 0x00000000d7680000, 0x0000000100000000)
  eden space 29184K, 100% used [0x00000000d5580000,0x00000000d7200000,0x00000000d7200000)
  from space 2560K, 89% used [0x00000000d7200000,0x00000000d743a440,0x00000000d7480000)
  to   space 2048K, 0% used [0x00000000d7480000,0x00000000d7480000,0x00000000d7680000)
 ParOldGen       total 627200K, used 432447K [0x0000000080000000, 0x00000000a6480000, 0x00000000d558Event: 1975.987 {heap After GC invocations=268 (full 4):
 PSYoungGen      total 32256K, used 1060K [0x00000000d5580000, 0x00000000d7680000, 0x0000000100000000)
  eden space 30208K, 0% used [0x00000000d5580000,0x00000000d5580000,0x00000000d7300000)
  from space 2048K, 51% used [0x00000000d7480000,0x00000000d7589230,0x00000000d7680000)
  to   space 1536K, 0% used [0x00000000d7300000,0x00000000d7300000,0x00000000d7480000)
 ParOldGen       total 627200K, used 433814K [0x0000000080000000, 0x00000000a6480000, 0x00000000d5580000Event: 1977.010 {heap Before GC invocations=269 (full 4):
 PSYoungGen      total 32256K, used 31268K [0x00000000d5580000, 0x00000000d7680000, 0x0000000100000000)
  eden space 30208K, 100% used [0x00000000d5580000,0x00000000d7300000,0x00000000d7300000)
  from space 2048K, 51% used [0x00000000d7480000,0x00000000d7589230,0x00000000d7680000)
  to   space 1536K, 0% used [0x00000000d7300000,0x00000000d7300000,0x00000000d7480000)
 ParOldGen       total 627200K, used 433814K [0x0000000080000000, 0x00000000a6480000, 0x00000000d558Event: 1977.014 {heap After GC invocations=269 (full 4):
 PSYoungGen      total 31232K, used 1507K [0x00000000d5580000, 0x00000000d8c80000, 0x0000000100000000)
  eden space 29696K, 0% used [0x00000000d5580000,0x00000000d5580000,0x00000000d7280000)
  from space 1536K, 98% used [0x00000000d7300000,0x00000000d7478cf0,0x00000000d7480000)
  to   space 13312K, 0% used [0x00000000d7f80000,0x00000000d7f80000,0x00000000d8c80000)
 ParOldGen       total 627200K, used 443782K [0x0000000080000000, 0x00000000a6480000, 0x00000000d558000Event: 1977.179 {heap Before GC invocations=270 (full 4):
 PSYoungGen      total 31232K, used 31203K [0x00000000d5580000, 0x00000000d8c80000, 0x0000000100000000)
  eden space 29696K, 100% used [0x00000000d5580000,0x00000000d7280000,0x00000000d7280000)
  from space 1536K, 98% used [0x00000000d7300000,0x00000000d7478cf0,0x00000000d7480000)
  to   space 13312K, 0% used [0x00000000d7f80000,0x00000000d7f80000,0x00000000d8c80000)
 ParOldGen       total 627200K, used 443782K [0x0000000080000000, 0x00000000a6480000, 0x00000000d55Event: 1977.180 {heap After GC invocations=270 (full 4):
 PSYoungGen      total 29696K, used 448K [0x00000000d5580000, 0x00000000d8000000, 0x0000000100000000)
  eden space 29184K, 0% used [0x00000000d5580000,0x00000000d5580000,0x00000000d7200000)
  from space 512K, 87% used [0x00000000d7f80000,0x00000000d7ff0000,0x00000000d8000000)
  to   space 4608K, 0% used [0x00000000d7700000,0x00000000d7700000,0x00000000d7b80000)
 ParOldGen       total 627200K, used 444072K [0x0000000080000000, 0x00000000a6480000, 0x00000000d5580000)
Event: 2074.927 {heap Before GC invocations=271 (full 4):
 PSYoungGen      total 29696K, used 29632K [0x00000000d5580000, 0x00000000d8000000, 0x0000000100000000)
  eden space 29184K, 100% used [0x00000000d5580000,0x00000000d7200000,0x00000000d7200000)
  from space 512K, 87% used [0x00000000d7f80000,0x00000000d7ff0000,0x00000000d8000000)
  to   space 4608K, 0% used [0x00000000d7700000,0x00000000d7700000,0x00000000d7b80000)
 ParOldGen       total 627200K, used 444072K [0x0000000080000000, 0x00000000a6480000, 0x00000000d5580Event: 2074.929 {heap After GC invocations=271 (full 4):
 PSYoungGen      total 38912K, used 384K [0x00000000d5580000, 0x00000000d8000000, 0x0000000100000000)
  eden space 34304K, 0% used [0x00000000d5580000,0x00000000d5580000,0x00000000d7700000)
  from space 4608K, 8% used [0x00000000d7700000,0x00000000d7760000,0x00000000d7b80000)
  to   space 1536K, 0% used [0x00000000d7e80000,0x00000000d7e80000,0x00000000d8000000)
 ParOldGen       total 627200K, used 444224K [0x0000000080000000, 0x00000000a6480000, 0x00000000d5580000)
Event: 2300.246 {heap Before GC invocations=272 (full 4):
 PSYoungGen      total 38912K, used 34566K [0x00000000d5580000, 0x00000000d8000000, 0x0000000100000000)
  eden space 34304K, 99% used [0x00000000d5580000,0x00000000d76e1b40,0x00000000d7700000)
  from space 4608K, 8% used [0x00000000d7700000,0x00000000d7760000,0x00000000d7b80000)
  to   space 1536K, 0% used [0x00000000d7e80000,0x00000000d7e80000,0x00000000d8000000)
 ParOldGen       total 627200K, used 444224K [0x0000000080000000, 0x00000000a6480000, 0x00000000d55800Event: 2300.248 {heap After GC invocations=272 (full 4):
 PSYoungGen      total 34304K, used 512K [0x00000000d5580000, 0x00000000d7f00000, 0x0000000100000000)
  eden space 33792K, 0% used [0x00000000d5580000,0x00000000d5580000,0x00000000d7680000)
  from space 512K, 100% used [0x00000000d7e80000,0x00000000d7f00000,0x00000000d7f00000)
  to   space 1024K, 0% used [0x00000000d7d00000,0x00000000d7d00000,0x00000000d7e00000)
 ParOldGen       total 627200K, used 444328K [0x0000000080000000, 0x00000000a6480000, 0x00000000d5580000)Event: 2301.297 {heap Before GC invocations=273 (full 4):
 PSYoungGen      total 34304K, used 34304K [0x00000000d5580000, 0x00000000d7f00000, 0x0000000100000000)
  eden space 33792K, 100% used [0x00000000d5580000,0x00000000d7680000,0x00000000d7680000)
  from space 512K, 100% used [0x00000000d7e80000,0x00000000d7f00000,0x00000000d7f00000)
  to   space 1024K, 0% used [0x00000000d7d00000,0x00000000d7d00000,0x00000000d7e00000)
 ParOldGen       total 627200K, used 444328K [0x0000000080000000, 0x00000000a6480000, 0x00000000d558Event: 2301.299 {heap After GC invocations=273 (full 4):
 PSYoungGen      total 34304K, used 416K [0x00000000d5580000, 0x00000000d7f00000, 0x0000000100000000)
  eden space 33280K, 0% used [0x00000000d5580000,0x00000000d5580000,0x00000000d7600000)
  from space 1024K, 40% used [0x00000000d7d00000,0x00000000d7d68000,0x00000000d7e00000)
  to   space 512K, 0% used [0x00000000d7e80000,0x00000000d7e80000,0x00000000d7f00000)
 ParOldGen       total 627200K, used 444592K [0x0000000080000000, 0x00000000a6480000, 0x00000000d5580000)

